<?xml version="1.0" encoding="UTF-8"?>
<robot generator="Robot 7.0 (Python 3.12.0 on win32)" generated="2024-01-24T14:13:20.464796" rpa="false" schemaversion="5">
<suite id="s1" name="Teste" source="C:\Projetos\RobotFramework\RobotFramework\teste.robot">
<kw name="Abrir Navegador" type="SETUP">
<kw name="Open Browser" owner="SeleniumLibrary">
<msg time="2024-01-24T14:13:20.740046" level="INFO">Opening browser 'chrome' to base url 'https://www.saucedemo.com/'.</msg>
<arg>${link}</arg>
<arg>${browser}</arg>
<doc>Opens a new browser instance to the optional ``url``.</doc>
<status status="PASS" start="2024-01-24T14:13:20.740046" elapsed="5.009410"/>
</kw>
<kw name="Go To" owner="SeleniumLibrary">
<msg time="2024-01-24T14:13:25.750459" level="INFO">Opening url 'https://www.saucedemo.com/'</msg>
<arg>${link}</arg>
<doc>Navigates the current browser window to the provided ``url``.</doc>
<status status="PASS" start="2024-01-24T14:13:25.750459" elapsed="0.776942"/>
</kw>
<arg>${set_site}</arg>
<arg>${set_browser}</arg>
<status status="PASS" start="2024-01-24T14:13:20.739034" elapsed="5.789380"/>
</kw>
<test id="s1-t1" name="Logar no site" line="17">
<kw name="Gerar ID Temporário">
<kw name="Assign Id To Element" owner="SeleniumLibrary">
<msg time="2024-01-24T14:13:26.529418" level="INFO">Assigning temporary id 'tempIdUserName' to element '//*[@id="user-name"]'.</msg>
<arg>locator=${input_username}</arg>
<arg>id=tempIdUserName</arg>
<doc>Assigns a temporary ``id`` to the element specified by ``locator``.</doc>
<status status="PASS" start="2024-01-24T14:13:26.529418" elapsed="0.015049"/>
</kw>
<kw name="Assign Id To Element" owner="SeleniumLibrary">
<msg time="2024-01-24T14:13:26.545472" level="INFO">Assigning temporary id 'tempPassowrd' to element '//*[@id="password"]'.</msg>
<arg>locator=${input_password}</arg>
<arg>id=tempPassowrd</arg>
<doc>Assigns a temporary ``id`` to the element specified by ``locator``.</doc>
<status status="PASS" start="2024-01-24T14:13:26.544467" elapsed="0.015039"/>
</kw>
<status status="PASS" start="2024-01-24T14:13:26.528414" elapsed="0.031092"/>
</kw>
<kw name="Preencher Campo">
<kw name="Input Text" owner="SeleniumLibrary">
<msg time="2024-01-24T14:13:26.560510" level="INFO">Typing text 'standard_user' into text field 'id=tempIdUserName'.</msg>
<arg>${locator}</arg>
<arg>${value}</arg>
<doc>Types the given ``text`` into the text field identified by ``locator``.</doc>
<status status="PASS" start="2024-01-24T14:13:26.560510" elapsed="0.112703"/>
</kw>
<arg>id=tempIdUserName</arg>
<arg>${set_username}</arg>
<status status="PASS" start="2024-01-24T14:13:26.560510" elapsed="0.112703"/>
</kw>
<kw name="Preencher Campo">
<kw name="Input Text" owner="SeleniumLibrary">
<msg time="2024-01-24T14:13:26.674225" level="INFO">Typing text 'secret_sauce' into text field 'id=tempPassowrd'.</msg>
<arg>${locator}</arg>
<arg>${value}</arg>
<doc>Types the given ``text`` into the text field identified by ``locator``.</doc>
<status status="PASS" start="2024-01-24T14:13:26.673213" elapsed="0.082272"/>
</kw>
<arg>id=tempPassowrd</arg>
<arg>${set_password}</arg>
<status status="PASS" start="2024-01-24T14:13:26.673213" elapsed="0.083276"/>
</kw>
<kw name="Submit Formulário">
<kw name="Click Button" owner="SeleniumLibrary">
<msg time="2024-01-24T14:13:26.756489" level="INFO">Clicking button '//*[@id="login-button"]'.</msg>
<arg>locator=//*[@id="login-button"]</arg>
<doc>Clicks the button identified by ``locator``.</doc>
<status status="PASS" start="2024-01-24T14:13:26.756489" elapsed="0.088384"/>
</kw>
<kw name="Sleep" owner="BuiltIn">
<msg time="2024-01-24T14:13:28.845365" level="INFO">Slept 2 seconds.</msg>
<arg>2</arg>
<doc>Pauses the test executed for the given time.</doc>
<status status="PASS" start="2024-01-24T14:13:26.844873" elapsed="2.000492"/>
</kw>
<status status="PASS" start="2024-01-24T14:13:26.756489" elapsed="2.088876"/>
</kw>
<kw name="Valida Login">
<kw name="Element Should Be Visible" owner="SeleniumLibrary">
<msg time="2024-01-24T14:13:28.866451" level="INFO">Element '//*[@id="add-to-cart-sauce-labs-backpack"]' is displayed.</msg>
<arg>locator=${valida_login}</arg>
<doc>Verifies that the element identified by ``locator`` is visible.</doc>
<status status="PASS" start="2024-01-24T14:13:28.845365" elapsed="0.021086"/>
</kw>
<arg>${valida_login}</arg>
<status status="PASS" start="2024-01-24T14:13:28.845365" elapsed="0.021086"/>
</kw>
<status status="PASS" start="2024-01-24T14:13:26.528414" elapsed="2.338037"/>
</test>
<kw name="Fechar Navegador" type="TEARDOWN">
<kw name="Close Browser" owner="SeleniumLibrary">
<doc>Closes the current browser.</doc>
<status status="PASS" start="2024-01-24T14:13:28.868459" elapsed="2.697771"/>
</kw>
<status status="PASS" start="2024-01-24T14:13:28.867455" elapsed="2.698775"/>
</kw>
<status status="PASS" start="2024-01-24T14:13:20.466803" elapsed="11.099427"/>
</suite>
<statistics>
<total>
<stat pass="1" fail="0" skip="0">All Tests</stat>
</total>
<tag>
</tag>
<suite>
<stat pass="1" fail="0" skip="0" id="s1" name="Teste">Teste</stat>
</suite>
</statistics>
<errors>
</errors>
</robot>
